# JRE version: Java(TM) SE Runtime Environment (8.0_20-b26) (build 1.8.0_20-b26)
# Java VM: Java HotSpot(TM) 64-Bit Server VM (25.20-b23 mixed mode windows-amd64 compressed oops)
Heap:
 PSYoungGen      total 216576K, used 113151K [0x00000000d6c00000, 0x00000000e5680000, 0x0000000100000000)
  eden space 198656K, 47% used [0x00000000d6c00000,0x00000000dc9004e8,0x00000000e2e00000)
  from space 17920K, 99% used [0x00000000e4500000,0x00000000e567fa60,0x00000000e5680000)
  to   space 20480K, 0% used [0x00000000e2e80000,0x00000000e2e80000,0x00000000e4280000)
 ParOldGen       total 161280K, used 42409K [0x0000000084400000, 0x000000008e180000, 0x00000000d6c00000)
  object space 161280K, 26% used [0x0000000084400000,0x0000000086d6a558,0x000000008e180000)
 Metaspace       used 81220K, capacity 82800K, committed 83072K, reserved 1122304K
  class space    used 8946K, capacity 9335K, committed 9344K, reserved 1048576K
GC Heap History (10 events):
Event: 12.460 GC heap before
{Heap before GC invocations=11 (full 2):
 PSYoungGen      total 144896K, used 144683K [0x00000000d6c00000, 0x00000000e0880000, 0x0000000100000000)
  eden space 134656K, 100% used [0x00000000d6c00000,0x00000000def80000,0x00000000def80000)
  from space 10240K, 97% used [0x00000000dfe80000,0x00000000e084acb8,0x00000000e0880000)
  to   space 12800K, 0% used [0x00000000def80000,0x00000000def80000,0x00000000dfc00000)
 ParOldGen       total 114176K, used 24108K [0x0000000084400000, 0x000000008b380000, 0x00000000d6c00000)
  object space 114176K, 21% used [0x0000000084400000,0x0000000085b8b068,0x000000008b380000)
 Metaspace       used 51375K, capacity 52574K, committed 52864K, reserved 1095680K
  class space    used 6114K, capacity 6438K, committed 6528K, reserved 1048576K
Event: 12.474 GC heap after
Heap after GC invocations=11 (full 2):
 PSYoungGen      total 147456K, used 12790K [0x00000000d6c00000, 0x00000000e2d00000, 0x0000000100000000)
  eden space 134656K, 0% used [0x00000000d6c00000,0x00000000d6c00000,0x00000000def80000)
  from space 12800K, 99% used [0x00000000def80000,0x00000000dfbfdae0,0x00000000dfc00000)
  to   space 14848K, 0% used [0x00000000e1e80000,0x00000000e1e80000,0x00000000e2d00000)
 ParOldGen       total 114176K, used 26137K [0x0000000084400000, 0x000000008b380000, 0x00000000d6c00000)
  object space 114176K, 22% used [0x0000000084400000,0x0000000085d86540,0x000000008b380000)
 Metaspace       used 51375K, capacity 52574K, committed 52864K, reserved 1095680K
  class space    used 6114K, capacity 6438K, committed 6528K, reserved 1048576K
}
Event: 14.636 GC heap before
{Heap before GC invocations=12 (full 2):
 PSYoungGen      total 147456K, used 147446K [0x00000000d6c00000, 0x00000000e2d00000, 0x0000000100000000)
  eden space 134656K, 100% used [0x00000000d6c00000,0x00000000def80000,0x00000000def80000)
  from space 12800K, 99% used [0x00000000def80000,0x00000000dfbfdae0,0x00000000dfc00000)
  to   space 14848K, 0% used [0x00000000e1e80000,0x00000000e1e80000,0x00000000e2d00000)
 ParOldGen       total 114176K, used 26137K [0x0000000084400000, 0x000000008b380000, 0x00000000d6c00000)
  object space 114176K, 22% used [0x0000000084400000,0x0000000085d86540,0x000000008b380000)
 Metaspace       used 57698K, capacity 58928K, committed 59096K, reserved 1101824K
  class space    used 6805K, capacity 7193K, committed 7296K, reserved 1048576K
Event: 14.677 GC heap after
Heap after GC invocations=12 (full 2):
 PSYoungGen      total 179200K, used 14818K [0x00000000d6c00000, 0x00000000e3600000, 0x0000000100000000)
  eden space 164352K, 0% used [0x00000000d6c00000,0x00000000d6c00000,0x00000000e0c80000)
  from space 14848K, 99% used [0x00000000e1e80000,0x00000000e2cf88c0,0x00000000e2d00000)
  to   space 18432K, 0% used [0x00000000e0c80000,0x00000000e0c80000,0x00000000e1e80000)
 ParOldGen       total 114176K, used 31787K [0x0000000084400000, 0x000000008b380000, 0x00000000d6c00000)
  object space 114176K, 27% used [0x0000000084400000,0x000000008630af18,0x000000008b380000)
 Metaspace       used 57698K, capacity 58928K, committed 59096K, reserved 1101824K
  class space    used 6805K, capacity 7193K, committed 7296K, reserved 1048576K
}
Event: 14.677 GC heap before
{Heap before GC invocations=13 (full 3):
 PSYoungGen      total 179200K, used 14818K [0x00000000d6c00000, 0x00000000e3600000, 0x0000000100000000)
  eden space 164352K, 0% used [0x00000000d6c00000,0x00000000d6c00000,0x00000000e0c80000)
  from space 14848K, 99% used [0x00000000e1e80000,0x00000000e2cf88c0,0x00000000e2d00000)
  to   space 18432K, 0% used [0x00000000e0c80000,0x00000000e0c80000,0x00000000e1e80000)
 ParOldGen       total 114176K, used 31787K [0x0000000084400000, 0x000000008b380000, 0x00000000d6c00000)
  object space 114176K, 27% used [0x0000000084400000,0x000000008630af18,0x000000008b380000)
 Metaspace       used 57698K, capacity 58928K, committed 59096K, reserved 1101824K
  class space    used 6805K, capacity 7193K, committed 7296K, reserved 1048576K
Event: 14.890 GC heap after
Heap after GC invocations=13 (full 3):
 PSYoungGen      total 179200K, used 0K [0x00000000d6c00000, 0x00000000e3600000, 0x0000000100000000)
  eden space 164352K, 0% used [0x00000000d6c00000,0x00000000d6c00000,0x00000000e0c80000)
  from space 14848K, 0% used [0x00000000e1e80000,0x00000000e1e80000,0x00000000e2d00000)
  to   space 18432K, 0% used [0x00000000e0c80000,0x00000000e0c80000,0x00000000e1e80000)
 ParOldGen       total 161280K, used 40163K [0x0000000084400000, 0x000000008e180000, 0x00000000d6c00000)
  object space 161280K, 24% used [0x0000000084400000,0x0000000086b38ef8,0x000000008e180000)
 Metaspace       used 57698K, capacity 58928K, committed 59096K, reserved 1101824K
  class space    used 6805K, capacity 7193K, committed 7296K, reserved 1048576K
}
Event: 16.746 GC heap before
{Heap before GC invocations=14 (full 3):
 PSYoungGen      total 179200K, used 164352K [0x00000000d6c00000, 0x00000000e3600000, 0x0000000100000000)
  eden space 164352K, 100% used [0x00000000d6c00000,0x00000000e0c80000,0x00000000e0c80000)
  from space 14848K, 0% used [0x00000000e1e80000,0x00000000e1e80000,0x00000000e2d00000)
  to   space 18432K, 0% used [0x00000000e0c80000,0x00000000e0c80000,0x00000000e1e80000)
 ParOldGen       total 161280K, used 40163K [0x0000000084400000, 0x000000008e180000, 0x00000000d6c00000)
  object space 161280K, 24% used [0x0000000084400000,0x0000000086b38ef8,0x000000008e180000)
 Metaspace       used 62307K, capacity 63670K, committed 63872K, reserved 1105920K
  class space    used 7331K, capacity 7738K, committed 7808K, reserved 1048576K
Event: 16.778 GC heap after
Heap after GC invocations=14 (full 3):
 PSYoungGen      total 182784K, used 9111K [0x00000000d6c00000, 0x00000000e5680000, 0x0000000100000000)
  eden space 164352K, 0% used [0x00000000d6c00000,0x00000000d6c00000,0x00000000e0c80000)
  from space 18432K, 49% used [0x00000000e0c80000,0x00000000e1565f90,0x00000000e1e80000)
  to   space 17920K, 0% used [0x00000000e4500000,0x00000000e4500000,0x00000000e5680000)
 ParOldGen       total 161280K, used 40171K [0x0000000084400000, 0x000000008e180000, 0x00000000d6c00000)
  object space 161280K, 24% used [0x0000000084400000,0x0000000086b3aef8,0x000000008e180000)
 Metaspace       used 62307K, capacity 63670K, committed 63872K, reserved 1105920K
  class space    used 7331K, capacity 7738K, committed 7808K, reserved 1048576K
}
Event: 29.163 GC heap before
{Heap before GC invocations=15 (full 3):
 PSYoungGen      total 182784K, used 173463K [0x00000000d6c00000, 0x00000000e5680000, 0x0000000100000000)
  eden space 164352K, 100% used [0x00000000d6c00000,0x00000000e0c80000,0x00000000e0c80000)
  from space 18432K, 49% used [0x00000000e0c80000,0x00000000e1565f90,0x00000000e1e80000)
  to   space 17920K, 0% used [0x00000000e4500000,0x00000000e4500000,0x00000000e5680000)
 ParOldGen       total 161280K, used 40171K [0x0000000084400000, 0x000000008e180000, 0x00000000d6c00000)
  object space 161280K, 24% used [0x0000000084400000,0x0000000086b3aef8,0x000000008e180000)
 Metaspace       used 79165K, capacity 80622K, committed 80896K, reserved 1120256K
  class space    used 8780K, capacity 9194K, committed 9216K, reserved 1048576K
Event: 29.185 GC heap after
Heap after GC invocations=15 (full 3):
 PSYoungGen      total 216576K, used 17918K [0x00000000d6c00000, 0x00000000e5680000, 0x0000000100000000)
  eden space 198656K, 0% used [0x00000000d6c00000,0x00000000d6c00000,0x00000000e2e00000)
  from space 17920K, 99% used [0x00000000e4500000,0x00000000e567fa60,0x00000000e5680000)
  to   space 20480K, 0% used [0x00000000e2e80000,0x00000000e2e80000,0x00000000e4280000)
 ParOldGen       total 161280K, used 42409K [0x0000000084400000, 0x000000008e180000, 0x00000000d6c00000)
  object space 161280K, 26% used [0x0000000084400000,0x0000000086d6a558,0x000000008e180000)
 Metaspace       used 79165K, capacity 80622K, committed 80896K, reserved 1120256K
  class space    used 8780K, capacity 9194K, committed 9216K, reserved 1048576K
}

