# JRE version: Java(TM) SE Runtime Environment (8.0_20-b26) (build 1.8.0_20-b26)
# Java VM: Java HotSpot(TM) 64-Bit Server VM (25.20-b23 mixed mode windows-amd64 compressed oops)
Heap:
 PSYoungGen      total 160256K, used 41246K [0x00000000d6c00000, 0x00000000e2b80000, 0x0000000100000000)
  eden space 142336K, 16% used [0x00000000d6c00000,0x00000000d8368498,0x00000000df700000)
  from space 17920K, 96% used [0x00000000df700000,0x00000000e07df4f0,0x00000000e0880000)
  to   space 19968K, 0% used [0x00000000e1800000,0x00000000e1800000,0x00000000e2b80000)
 ParOldGen       total 155648K, used 37627K [0x0000000084400000, 0x000000008dc00000, 0x00000000d6c00000)
  object space 155648K, 24% used [0x0000000084400000,0x00000000868becf0,0x000000008dc00000)
 Metaspace       used 80543K, capacity 82080K, committed 82560K, reserved 1122304K
  class space    used 8898K, capacity 9294K, committed 9344K, reserved 1048576K
GC Heap History (10 events):
Event: 13.343 GC heap before
{Heap before GC invocations=16 (full 2):
 PSYoungGen      total 114688K, used 87720K [0x00000000d6c00000, 0x00000000e0280000, 0x0000000100000000)
  eden space 101888K, 73% used [0x00000000d6c00000,0x00000000db52a4b0,0x00000000dcf80000)
  from space 12800K, 99% used [0x00000000dcf80000,0x00000000ddbffb78,0x00000000ddc00000)
  to   space 15360K, 0% used [0x00000000df380000,0x00000000df380000,0x00000000e0280000)
 ParOldGen       total 108544K, used 26120K [0x0000000084400000, 0x000000008ae00000, 0x00000000d6c00000)
  object space 108544K, 24% used [0x0000000084400000,0x0000000085d822c0,0x000000008ae00000)
 Metaspace       used 57519K, capacity 58768K, committed 59136K, reserved 1101824K
  class space    used 6789K, capacity 7161K, committed 7168K, reserved 1048576K
Event: 13.367 GC heap after
Heap after GC invocations=16 (full 2):
 PSYoungGen      total 136192K, used 15347K [0x00000000d6c00000, 0x00000000e0980000, 0x0000000100000000)
  eden space 120832K, 0% used [0x00000000d6c00000,0x00000000d6c00000,0x00000000de200000)
  from space 15360K, 99% used [0x00000000df380000,0x00000000e027cc08,0x00000000e0280000)
  to   space 17920K, 0% used [0x00000000de200000,0x00000000de200000,0x00000000df380000)
 ParOldGen       total 108544K, used 28300K [0x0000000084400000, 0x000000008ae00000, 0x00000000d6c00000)
  object space 108544K, 26% used [0x0000000084400000,0x0000000085fa31a8,0x000000008ae00000)
 Metaspace       used 57519K, capacity 58768K, committed 59136K, reserved 1101824K
  class space    used 6789K, capacity 7161K, committed 7168K, reserved 1048576K
}
Event: 13.367 GC heap before
{Heap before GC invocations=17 (full 3):
 PSYoungGen      total 136192K, used 15347K [0x00000000d6c00000, 0x00000000e0980000, 0x0000000100000000)
  eden space 120832K, 0% used [0x00000000d6c00000,0x00000000d6c00000,0x00000000de200000)
  from space 15360K, 99% used [0x00000000df380000,0x00000000e027cc08,0x00000000e0280000)
  to   space 17920K, 0% used [0x00000000de200000,0x00000000de200000,0x00000000df380000)
 ParOldGen       total 108544K, used 28300K [0x0000000084400000, 0x000000008ae00000, 0x00000000d6c00000)
  object space 108544K, 26% used [0x0000000084400000,0x0000000085fa31a8,0x000000008ae00000)
 Metaspace       used 57519K, capacity 58768K, committed 59136K, reserved 1101824K
  class space    used 6789K, capacity 7161K, committed 7168K, reserved 1048576K
Event: 13.628 GC heap after
Heap after GC invocations=17 (full 3):
 PSYoungGen      total 136192K, used 0K [0x00000000d6c00000, 0x00000000e0980000, 0x0000000100000000)
  eden space 120832K, 0% used [0x00000000d6c00000,0x00000000d6c00000,0x00000000de200000)
  from space 15360K, 0% used [0x00000000df380000,0x00000000df380000,0x00000000e0280000)
  to   space 17920K, 0% used [0x00000000de200000,0x00000000de200000,0x00000000df380000)
 ParOldGen       total 155648K, used 37603K [0x0000000084400000, 0x000000008dc00000, 0x00000000d6c00000)
  object space 155648K, 24% used [0x0000000084400000,0x00000000868b8cf0,0x000000008dc00000)
 Metaspace       used 57519K, capacity 58768K, committed 59136K, reserved 1101824K
  class space    used 6789K, capacity 7161K, committed 7168K, reserved 1048576K
}
Event: 15.118 GC heap before
{Heap before GC invocations=18 (full 3):
 PSYoungGen      total 136192K, used 120832K [0x00000000d6c00000, 0x00000000e0980000, 0x0000000100000000)
  eden space 120832K, 100% used [0x00000000d6c00000,0x00000000de200000,0x00000000de200000)
  from space 15360K, 0% used [0x00000000df380000,0x00000000df380000,0x00000000e0280000)
  to   space 17920K, 0% used [0x00000000de200000,0x00000000de200000,0x00000000df380000)
 ParOldGen       total 155648K, used 37603K [0x0000000084400000, 0x000000008dc00000, 0x00000000d6c00000)
  object space 155648K, 24% used [0x0000000084400000,0x00000000868b8cf0,0x000000008dc00000)
 Metaspace       used 61689K, capacity 63034K, committed 63488K, reserved 1105920K
  class space    used 7256K, capacity 7664K, committed 7680K, reserved 1048576K
Event: 15.128 GC heap after
Heap after GC invocations=18 (full 3):
 PSYoungGen      total 138752K, used 7044K [0x00000000d6c00000, 0x00000000e1980000, 0x0000000100000000)
  eden space 120832K, 0% used [0x00000000d6c00000,0x00000000d6c00000,0x00000000de200000)
  from space 17920K, 39% used [0x00000000de200000,0x00000000de8e13c8,0x00000000df380000)
  to   space 17408K, 0% used [0x00000000e0880000,0x00000000e0880000,0x00000000e1980000)
 ParOldGen       total 155648K, used 37611K [0x0000000084400000, 0x000000008dc00000, 0x00000000d6c00000)
  object space 155648K, 24% used [0x0000000084400000,0x00000000868bacf0,0x000000008dc00000)
 Metaspace       used 61689K, capacity 63034K, committed 63488K, reserved 1105920K
  class space    used 7256K, capacity 7664K, committed 7680K, reserved 1048576K
}
Event: 16.603 GC heap before
{Heap before GC invocations=19 (full 3):
 PSYoungGen      total 138752K, used 127876K [0x00000000d6c00000, 0x00000000e1980000, 0x0000000100000000)
  eden space 120832K, 100% used [0x00000000d6c00000,0x00000000de200000,0x00000000de200000)
  from space 17920K, 39% used [0x00000000de200000,0x00000000de8e13c8,0x00000000df380000)
  to   space 17408K, 0% used [0x00000000e0880000,0x00000000e0880000,0x00000000e1980000)
 ParOldGen       total 155648K, used 37611K [0x0000000084400000, 0x000000008dc00000, 0x00000000d6c00000)
  object space 155648K, 24% used [0x0000000084400000,0x00000000868bacf0,0x000000008dc00000)
 Metaspace       used 68850K, capacity 70154K, committed 70528K, reserved 1112064K
  class space    used 7839K, capacity 8244K, committed 8320K, reserved 1048576K
Event: 16.618 GC heap after
Heap after GC invocations=19 (full 3):
 PSYoungGen      total 159744K, used 11963K [0x00000000d6c00000, 0x00000000e1a00000, 0x0000000100000000)
  eden space 142336K, 0% used [0x00000000d6c00000,0x00000000d6c00000,0x00000000df700000)
  from space 17408K, 68% used [0x00000000e0880000,0x00000000e142ef70,0x00000000e1980000)
  to   space 17920K, 0% used [0x00000000df700000,0x00000000df700000,0x00000000e0880000)
 ParOldGen       total 155648K, used 37619K [0x0000000084400000, 0x000000008dc00000, 0x00000000d6c00000)
  object space 155648K, 24% used [0x0000000084400000,0x00000000868bccf0,0x000000008dc00000)
 Metaspace       used 68850K, capacity 70154K, committed 70528K, reserved 1112064K
  class space    used 7839K, capacity 8244K, committed 8320K, reserved 1048576K
}
Event: 136.279 GC heap before
{Heap before GC invocations=20 (full 3):
 PSYoungGen      total 159744K, used 154299K [0x00000000d6c00000, 0x00000000e1a00000, 0x0000000100000000)
  eden space 142336K, 100% used [0x00000000d6c00000,0x00000000df700000,0x00000000df700000)
  from space 17408K, 68% used [0x00000000e0880000,0x00000000e142ef70,0x00000000e1980000)
  to   space 17920K, 0% used [0x00000000df700000,0x00000000df700000,0x00000000e0880000)
 ParOldGen       total 155648K, used 37619K [0x0000000084400000, 0x000000008dc00000, 0x00000000d6c00000)
  object space 155648K, 24% used [0x0000000084400000,0x00000000868bccf0,0x000000008dc00000)
 Metaspace       used 80499K, capacity 82068K, committed 82560K, reserved 1122304K
  class space    used 8896K, capacity 9292K, committed 9344K, reserved 1048576K
Event: 136.296 GC heap after
Heap after GC invocations=20 (full 3):
 PSYoungGen      total 160256K, used 17277K [0x00000000d6c00000, 0x00000000e2b80000, 0x0000000100000000)
  eden space 142336K, 0% used [0x00000000d6c00000,0x00000000d6c00000,0x00000000df700000)
  from space 17920K, 96% used [0x00000000df700000,0x00000000e07df4f0,0x00000000e0880000)
  to   space 19968K, 0% used [0x00000000e1800000,0x00000000e1800000,0x00000000e2b80000)
 ParOldGen       total 155648K, used 37627K [0x0000000084400000, 0x000000008dc00000, 0x00000000d6c00000)
  object space 155648K, 24% used [0x0000000084400000,0x00000000868becf0,0x000000008dc00000)
 Metaspace       used 80499K, capacity 82068K, committed 82560K, reserved 1122304K
  class space    used 8896K, capacity 9292K, committed 9344K, reserved 1048576K
}

