# JRE version: Java(TM) SE Runtime Environment (8.0_20-b26) (build 1.8.0_20-b26)
# Java VM: Java HotSpot(TM) 64-Bit Server VM (25.20-b23 mixed mode windows-amd64 compressed oops)
Heap:
 PSYoungGen      total 153088K, used 13674K [0x00000000d6c00000, 0x00000000e2580000, 0x0000000100000000)
  eden space 134144K, 4% used [0x00000000d6c00000,0x00000000d71993e0,0x00000000def00000)
  from space 18944K, 41% used [0x00000000def00000,0x00000000df6c1440,0x00000000e0180000)
  to   space 18432K, 0% used [0x00000000e1380000,0x00000000e1380000,0x00000000e2580000)
 ParOldGen       total 157184K, used 37640K [0x0000000084400000, 0x000000008dd80000, 0x00000000d6c00000)
  object space 157184K, 23% used [0x0000000084400000,0x00000000868c20c0,0x000000008dd80000)
 Metaspace       used 63961K, capacity 65340K, committed 65536K, reserved 1107968K
  class space    used 7498K, capacity 7879K, committed 7936K, reserved 1048576K
GC Heap History (10 events):
Event: 12.418 GC heap before
{Heap before GC invocations=16 (full 2):
 PSYoungGen      total 106496K, used 106189K [0x00000000d6c00000, 0x00000000df480000, 0x0000000100000000)
  eden space 93696K, 100% used [0x00000000d6c00000,0x00000000dc780000,0x00000000dc780000)
  from space 12800K, 97% used [0x00000000dc780000,0x00000000dd3b3528,0x00000000dd400000)
  to   space 13824K, 0% used [0x00000000de700000,0x00000000de700000,0x00000000df480000)
 ParOldGen       total 111616K, used 22604K [0x0000000084400000, 0x000000008b100000, 0x00000000d6c00000)
  object space 111616K, 20% used [0x0000000084400000,0x0000000085a13030,0x000000008b100000)
 Metaspace       used 54383K, capacity 55684K, committed 55936K, reserved 1097728K
  class space    used 6403K, capacity 6775K, committed 6784K, reserved 1048576K
Event: 12.438 GC heap after
Heap after GC invocations=16 (full 2):
 PSYoungGen      total 122880K, used 13823K [0x00000000d6c00000, 0x00000000dfa80000, 0x0000000100000000)
  eden space 109056K, 0% used [0x00000000d6c00000,0x00000000d6c00000,0x00000000dd680000)
  from space 13824K, 99% used [0x00000000de700000,0x00000000df47fde0,0x00000000df480000)
  to   space 16896K, 0% used [0x00000000dd680000,0x00000000dd680000,0x00000000de700000)
 ParOldGen       total 111616K, used 26392K [0x0000000084400000, 0x000000008b100000, 0x00000000d6c00000)
  object space 111616K, 23% used [0x0000000084400000,0x0000000085dc61e8,0x000000008b100000)
 Metaspace       used 54383K, capacity 55684K, committed 55936K, reserved 1097728K
  class space    used 6403K, capacity 6775K, committed 6784K, reserved 1048576K
}
Event: 13.308 GC heap before
{Heap before GC invocations=17 (full 2):
 PSYoungGen      total 122880K, used 73213K [0x00000000d6c00000, 0x00000000dfa80000, 0x0000000100000000)
  eden space 109056K, 54% used [0x00000000d6c00000,0x00000000da5ff7c8,0x00000000dd680000)
  from space 13824K, 99% used [0x00000000de700000,0x00000000df47fde0,0x00000000df480000)
  to   space 16896K, 0% used [0x00000000dd680000,0x00000000dd680000,0x00000000de700000)
 ParOldGen       total 111616K, used 26392K [0x0000000084400000, 0x000000008b100000, 0x00000000d6c00000)
  object space 111616K, 23% used [0x0000000084400000,0x0000000085dc61e8,0x000000008b100000)
 Metaspace       used 57711K, capacity 58960K, committed 59096K, reserved 1101824K
  class space    used 6821K, capacity 7225K, committed 7296K, reserved 1048576K
Event: 13.330 GC heap after
Heap after GC invocations=17 (full 2):
 PSYoungGen      total 125952K, used 16895K [0x00000000d6c00000, 0x00000000e1480000, 0x0000000100000000)
  eden space 109056K, 0% used [0x00000000d6c00000,0x00000000d6c00000,0x00000000dd680000)
  from space 16896K, 99% used [0x00000000dd680000,0x00000000de6ffed0,0x00000000de700000)
  to   space 19456K, 0% used [0x00000000e0180000,0x00000000e0180000,0x00000000e1480000)
 ParOldGen       total 111616K, used 27109K [0x0000000084400000, 0x000000008b100000, 0x00000000d6c00000)
  object space 111616K, 24% used [0x0000000084400000,0x0000000085e794b0,0x000000008b100000)
 Metaspace       used 57711K, capacity 58960K, committed 59096K, reserved 1101824K
  class space    used 6821K, capacity 7225K, committed 7296K, reserved 1048576K
}
Event: 13.330 GC heap before
{Heap before GC invocations=18 (full 3):
 PSYoungGen      total 125952K, used 16895K [0x00000000d6c00000, 0x00000000e1480000, 0x0000000100000000)
  eden space 109056K, 0% used [0x00000000d6c00000,0x00000000d6c00000,0x00000000dd680000)
  from space 16896K, 99% used [0x00000000dd680000,0x00000000de6ffed0,0x00000000de700000)
  to   space 19456K, 0% used [0x00000000e0180000,0x00000000e0180000,0x00000000e1480000)
 ParOldGen       total 111616K, used 27109K [0x0000000084400000, 0x000000008b100000, 0x00000000d6c00000)
  object space 111616K, 24% used [0x0000000084400000,0x0000000085e794b0,0x000000008b100000)
 Metaspace       used 57711K, capacity 58960K, committed 59096K, reserved 1101824K
  class space    used 6821K, capacity 7225K, committed 7296K, reserved 1048576K
Event: 13.533 GC heap after
Heap after GC invocations=18 (full 3):
 PSYoungGen      total 125952K, used 0K [0x00000000d6c00000, 0x00000000e1480000, 0x0000000100000000)
  eden space 109056K, 0% used [0x00000000d6c00000,0x00000000d6c00000,0x00000000dd680000)
  from space 16896K, 0% used [0x00000000dd680000,0x00000000dd680000,0x00000000de700000)
  to   space 19456K, 0% used [0x00000000e0180000,0x00000000e0180000,0x00000000e1480000)
 ParOldGen       total 157184K, used 37624K [0x0000000084400000, 0x000000008dd80000, 0x00000000d6c00000)
  object space 157184K, 23% used [0x0000000084400000,0x00000000868be0c0,0x000000008dd80000)
 Metaspace       used 57711K, capacity 58960K, committed 59096K, reserved 1101824K
  class space    used 6821K, capacity 7225K, committed 7296K, reserved 1048576K
}
Event: 14.912 GC heap before
{Heap before GC invocations=19 (full 3):
 PSYoungGen      total 125952K, used 109056K [0x00000000d6c00000, 0x00000000e1480000, 0x0000000100000000)
  eden space 109056K, 100% used [0x00000000d6c00000,0x00000000dd680000,0x00000000dd680000)
  from space 16896K, 0% used [0x00000000dd680000,0x00000000dd680000,0x00000000de700000)
  to   space 19456K, 0% used [0x00000000e0180000,0x00000000e0180000,0x00000000e1480000)
 ParOldGen       total 157184K, used 37624K [0x0000000084400000, 0x000000008dd80000, 0x00000000d6c00000)
  object space 157184K, 23% used [0x0000000084400000,0x00000000868be0c0,0x000000008dd80000)
 Metaspace       used 61443K, capacity 62858K, committed 62976K, reserved 1103872K
  class space    used 7240K, capacity 7640K, committed 7680K, reserved 1048576K
Event: 14.955 GC heap after
Heap after GC invocations=19 (full 3):
 PSYoungGen      total 153600K, used 6399K [0x00000000d6c00000, 0x00000000e1580000, 0x0000000100000000)
  eden space 134144K, 0% used [0x00000000d6c00000,0x00000000d6c00000,0x00000000def00000)
  from space 19456K, 32% used [0x00000000e0180000,0x00000000e07bfca0,0x00000000e1480000)
  to   space 18944K, 0% used [0x00000000def00000,0x00000000def00000,0x00000000e0180000)
 ParOldGen       total 157184K, used 37632K [0x0000000084400000, 0x000000008dd80000, 0x00000000d6c00000)
  object space 157184K, 23% used [0x0000000084400000,0x00000000868c00c0,0x000000008dd80000)
 Metaspace       used 61443K, capacity 62858K, committed 62976K, reserved 1103872K
  class space    used 7240K, capacity 7640K, committed 7680K, reserved 1048576K
}
Event: 20.705 GC heap before
{Heap before GC invocations=20 (full 3):
 PSYoungGen      total 153600K, used 140543K [0x00000000d6c00000, 0x00000000e1580000, 0x0000000100000000)
  eden space 134144K, 100% used [0x00000000d6c00000,0x00000000def00000,0x00000000def00000)
  from space 19456K, 32% used [0x00000000e0180000,0x00000000e07bfca0,0x00000000e1480000)
  to   space 18944K, 0% used [0x00000000def00000,0x00000000def00000,0x00000000e0180000)
 ParOldGen       total 157184K, used 37632K [0x0000000084400000, 0x000000008dd80000, 0x00000000d6c00000)
  object space 157184K, 23% used [0x0000000084400000,0x00000000868c00c0,0x000000008dd80000)
 Metaspace       used 63861K, capacity 65276K, committed 65536K, reserved 1107968K
  class space    used 7487K, capacity 7879K, committed 7936K, reserved 1048576K
Event: 20.720 GC heap after
Heap after GC invocations=20 (full 3):
 PSYoungGen      total 153088K, used 7941K [0x00000000d6c00000, 0x00000000e2580000, 0x0000000100000000)
  eden space 134144K, 0% used [0x00000000d6c00000,0x00000000d6c00000,0x00000000def00000)
  from space 18944K, 41% used [0x00000000def00000,0x00000000df6c1440,0x00000000e0180000)
  to   space 18432K, 0% used [0x00000000e1380000,0x00000000e1380000,0x00000000e2580000)
 ParOldGen       total 157184K, used 37640K [0x0000000084400000, 0x000000008dd80000, 0x00000000d6c00000)
  object space 157184K, 23% used [0x0000000084400000,0x00000000868c20c0,0x000000008dd80000)
 Metaspace       used 63861K, capacity 65276K, committed 65536K, reserved 1107968K
  class space    used 7487K, capacity 7879K, committed 7936K, reserved 1048576K
}

