# JRE version: Java(TM) SE Runtime Environment (8.0_20-b26) (build 1.8.0_20-b26)
# Java VM: Java HotSpot(TM) 64-Bit Server VM (25.20-b23 mixed mode windows-amd64 compressed oops)
Heap:
 PSYoungGen      total 161792K, used 67384K [0x00000000d6c00000, 0x00000000e3880000, 0x0000000100000000)
  eden space 145408K, 40% used [0x00000000d6c00000,0x00000000da5c3060,0x00000000dfa00000)
  from space 16384K, 50% used [0x00000000dfa00000,0x00000000e020b330,0x00000000e0a00000)
  to   space 15872K, 0% used [0x00000000e2900000,0x00000000e2900000,0x00000000e3880000)
 ParOldGen       total 145408K, used 38139K [0x0000000084400000, 0x000000008d200000, 0x00000000d6c00000)
  object space 145408K, 26% used [0x0000000084400000,0x000000008693ef08,0x000000008d200000)
 Metaspace       used 63865K, capacity 65258K, committed 65536K, reserved 1107968K
  class space    used 7494K, capacity 7876K, committed 7936K, reserved 1048576K
GC Heap History (10 events):
Event: 10.681 GC heap before
{Heap before GC invocations=14 (full 2):
 PSYoungGen      total 101888K, used 99770K [0x00000000d6c00000, 0x00000000df500000, 0x0000000100000000)
  eden space 90624K, 100% used [0x00000000d6c00000,0x00000000dc480000,0x00000000dc480000)
  from space 11264K, 81% used [0x00000000dc480000,0x00000000dcd6e820,0x00000000dcf80000)
  to   space 11264K, 0% used [0x00000000dea00000,0x00000000dea00000,0x00000000df500000)
 ParOldGen       total 100864K, used 20828K [0x0000000084400000, 0x000000008a680000, 0x00000000d6c00000)
  object space 100864K, 20% used [0x0000000084400000,0x0000000085857138,0x000000008a680000)
 Metaspace       used 48617K, capacity 49754K, committed 49920K, reserved 1093632K
  class space    used 5817K, capacity 6144K, committed 6144K, reserved 1048576K
Event: 10.693 GC heap after
Heap after GC invocations=14 (full 2):
 PSYoungGen      total 126976K, used 11250K [0x00000000d6c00000, 0x00000000df600000, 0x0000000100000000)
  eden space 115712K, 0% used [0x00000000d6c00000,0x00000000d6c00000,0x00000000ddd00000)
  from space 11264K, 99% used [0x00000000dea00000,0x00000000df4fc990,0x00000000df500000)
  to   space 12800K, 0% used [0x00000000ddd00000,0x00000000ddd00000,0x00000000de980000)
 ParOldGen       total 100864K, used 21125K [0x0000000084400000, 0x000000008a680000, 0x00000000d6c00000)
  object space 100864K, 20% used [0x0000000084400000,0x00000000858a17e8,0x000000008a680000)
 Metaspace       used 48617K, capacity 49754K, committed 49920K, reserved 1093632K
  class space    used 5817K, capacity 6144K, committed 6144K, reserved 1048576K
}
Event: 12.134 GC heap before
{Heap before GC invocations=15 (full 2):
 PSYoungGen      total 126976K, used 126962K [0x00000000d6c00000, 0x00000000df600000, 0x0000000100000000)
  eden space 115712K, 100% used [0x00000000d6c00000,0x00000000ddd00000,0x00000000ddd00000)
  from space 11264K, 99% used [0x00000000dea00000,0x00000000df4fc990,0x00000000df500000)
  to   space 12800K, 0% used [0x00000000ddd00000,0x00000000ddd00000,0x00000000de980000)
 ParOldGen       total 100864K, used 21125K [0x0000000084400000, 0x000000008a680000, 0x00000000d6c00000)
  object space 100864K, 20% used [0x0000000084400000,0x00000000858a17e8,0x000000008a680000)
 Metaspace       used 53222K, capacity 54430K, committed 54784K, reserved 1097728K
  class space    used 6294K, capacity 6630K, committed 6656K, reserved 1048576K
Event: 12.160 GC heap after
Heap after GC invocations=15 (full 2):
 PSYoungGen      total 128512K, used 12780K [0x00000000d6c00000, 0x00000000e1980000, 0x0000000100000000)
  eden space 115712K, 0% used [0x00000000d6c00000,0x00000000d6c00000,0x00000000ddd00000)
  from space 12800K, 99% used [0x00000000ddd00000,0x00000000de97b208,0x00000000de980000)
  to   space 15360K, 0% used [0x00000000e0a80000,0x00000000e0a80000,0x00000000e1980000)
 ParOldGen       total 100864K, used 24729K [0x0000000084400000, 0x000000008a680000, 0x00000000d6c00000)
  object space 100864K, 24% used [0x0000000084400000,0x0000000085c266d0,0x000000008a680000)
 Metaspace       used 53222K, capacity 54430K, committed 54784K, reserved 1097728K
  class space    used 6294K, capacity 6630K, committed 6656K, reserved 1048576K
}
Event: 13.884 GC heap before
{Heap before GC invocations=16 (full 2):
 PSYoungGen      total 128512K, used 109766K [0x00000000d6c00000, 0x00000000e1980000, 0x0000000100000000)
  eden space 115712K, 83% used [0x00000000d6c00000,0x00000000dcab67f0,0x00000000ddd00000)
  from space 12800K, 99% used [0x00000000ddd00000,0x00000000de97b208,0x00000000de980000)
  to   space 15360K, 0% used [0x00000000e0a80000,0x00000000e0a80000,0x00000000e1980000)
 ParOldGen       total 100864K, used 24729K [0x0000000084400000, 0x000000008a680000, 0x00000000d6c00000)
  object space 100864K, 24% used [0x0000000084400000,0x0000000085c266d0,0x000000008a680000)
 Metaspace       used 57653K, capacity 58864K, committed 59096K, reserved 1101824K
  class space    used 6804K, capacity 7193K, committed 7296K, reserved 1048576K
Event: 13.904 GC heap after
Heap after GC invocations=16 (full 2):
 PSYoungGen      total 160768K, used 13196K [0x00000000d6c00000, 0x00000000e1a00000, 0x0000000100000000)
  eden space 145408K, 0% used [0x00000000d6c00000,0x00000000d6c00000,0x00000000dfa00000)
  from space 15360K, 85% used [0x00000000e0a80000,0x00000000e17631b8,0x00000000e1980000)
  to   space 16384K, 0% used [0x00000000dfa00000,0x00000000dfa00000,0x00000000e0a00000)
 ParOldGen       total 100864K, used 28738K [0x0000000084400000, 0x000000008a680000, 0x00000000d6c00000)
  object space 100864K, 28% used [0x0000000084400000,0x0000000086010908,0x000000008a680000)
 Metaspace       used 57653K, capacity 58864K, committed 59096K, reserved 1101824K
  class space    used 6804K, capacity 7193K, committed 7296K, reserved 1048576K
}
Event: 13.904 GC heap before
{Heap before GC invocations=17 (full 3):
 PSYoungGen      total 160768K, used 13196K [0x00000000d6c00000, 0x00000000e1a00000, 0x0000000100000000)
  eden space 145408K, 0% used [0x00000000d6c00000,0x00000000d6c00000,0x00000000dfa00000)
  from space 15360K, 85% used [0x00000000e0a80000,0x00000000e17631b8,0x00000000e1980000)
  to   space 16384K, 0% used [0x00000000dfa00000,0x00000000dfa00000,0x00000000e0a00000)
 ParOldGen       total 100864K, used 28738K [0x0000000084400000, 0x000000008a680000, 0x00000000d6c00000)
  object space 100864K, 28% used [0x0000000084400000,0x0000000086010908,0x000000008a680000)
 Metaspace       used 57653K, capacity 58864K, committed 59096K, reserved 1101824K
  class space    used 6804K, capacity 7193K, committed 7296K, reserved 1048576K
Event: 14.149 GC heap after
Heap after GC invocations=17 (full 3):
 PSYoungGen      total 160768K, used 0K [0x00000000d6c00000, 0x00000000e1a00000, 0x0000000100000000)
  eden space 145408K, 0% used [0x00000000d6c00000,0x00000000d6c00000,0x00000000dfa00000)
  from space 15360K, 0% used [0x00000000e0a80000,0x00000000e0a80000,0x00000000e1980000)
  to   space 16384K, 0% used [0x00000000dfa00000,0x00000000dfa00000,0x00000000e0a00000)
 ParOldGen       total 145408K, used 38131K [0x0000000084400000, 0x000000008d200000, 0x00000000d6c00000)
  object space 145408K, 26% used [0x0000000084400000,0x000000008693cf08,0x000000008d200000)
 Metaspace       used 57653K, capacity 58864K, committed 59096K, reserved 1101824K
  class space    used 6804K, capacity 7193K, committed 7296K, reserved 1048576K
}
Event: 15.898 GC heap before
{Heap before GC invocations=18 (full 3):
 PSYoungGen      total 160768K, used 145408K [0x00000000d6c00000, 0x00000000e1a00000, 0x0000000100000000)
  eden space 145408K, 100% used [0x00000000d6c00000,0x00000000dfa00000,0x00000000dfa00000)
  from space 15360K, 0% used [0x00000000e0a80000,0x00000000e0a80000,0x00000000e1980000)
  to   space 16384K, 0% used [0x00000000dfa00000,0x00000000dfa00000,0x00000000e0a00000)
 ParOldGen       total 145408K, used 38131K [0x0000000084400000, 0x000000008d200000, 0x00000000d6c00000)
  object space 145408K, 26% used [0x0000000084400000,0x000000008693cf08,0x000000008d200000)
 Metaspace       used 62073K, capacity 63446K, committed 63616K, reserved 1105920K
  class space    used 7309K, capacity 7706K, committed 7808K, reserved 1048576K
Event: 15.920 GC heap after
Heap after GC invocations=18 (full 3):
 PSYoungGen      total 161792K, used 8236K [0x00000000d6c00000, 0x00000000e3880000, 0x0000000100000000)
  eden space 145408K, 0% used [0x00000000d6c00000,0x00000000d6c00000,0x00000000dfa00000)
  from space 16384K, 50% used [0x00000000dfa00000,0x00000000e020b330,0x00000000e0a00000)
  to   space 15872K, 0% used [0x00000000e2900000,0x00000000e2900000,0x00000000e3880000)
 ParOldGen       total 145408K, used 38139K [0x0000000084400000, 0x000000008d200000, 0x00000000d6c00000)
  object space 145408K, 26% used [0x0000000084400000,0x000000008693ef08,0x000000008d200000)
 Metaspace       used 62073K, capacity 63446K, committed 63616K, reserved 1105920K
  class space    used 7309K, capacity 7706K, committed 7808K, reserved 1048576K
}

