# JRE version: Java(TM) SE Runtime Environment (8.0_20-b26) (build 1.8.0_20-b26)
# Java VM: Java HotSpot(TM) 64-Bit Server VM (25.20-b23 mixed mode windows-amd64 compressed oops)
Heap:
 PSYoungGen      total 171008K, used 96420K [0x00000000d6c00000, 0x00000000e2b00000, 0x0000000100000000)
  eden space 158720K, 56% used [0x00000000d6c00000,0x00000000dc2f14a8,0x00000000e0700000)
  from space 12288K, 60% used [0x00000000e1f00000,0x00000000e2637c18,0x00000000e2b00000)
  to   space 18432K, 0% used [0x00000000e0700000,0x00000000e0700000,0x00000000e1900000)
 ParOldGen       total 164864K, used 37697K [0x0000000084400000, 0x000000008e500000, 0x00000000d6c00000)
  object space 164864K, 22% used [0x0000000084400000,0x00000000868d0640,0x000000008e500000)
 Metaspace       used 64134K, capacity 65494K, committed 65752K, reserved 1107968K
  class space    used 7504K, capacity 7910K, committed 7936K, reserved 1048576K
GC Heap History (10 events):
Event: 10.718 GC heap before
{Heap before GC invocations=11 (full 2):
 PSYoungGen      total 122880K, used 120633K [0x00000000d6c00000, 0x00000000df080000, 0x0000000100000000)
  eden space 111104K, 100% used [0x00000000d6c00000,0x00000000dd880000,0x00000000dd880000)
  from space 11776K, 80% used [0x00000000de500000,0x00000000dee4e6e8,0x00000000df080000)
  to   space 12288K, 0% used [0x00000000dd880000,0x00000000dd880000,0x00000000de480000)
 ParOldGen       total 118784K, used 24375K [0x0000000084400000, 0x000000008b800000, 0x00000000d6c00000)
  object space 118784K, 20% used [0x0000000084400000,0x0000000085bcdde8,0x000000008b800000)
 Metaspace       used 49495K, capacity 50720K, committed 51200K, reserved 1093632K
  class space    used 5922K, capacity 6273K, committed 6400K, reserved 1048576K
Event: 10.730 GC heap after
Heap after GC invocations=11 (full 2):
 PSYoungGen      total 123392K, used 12269K [0x00000000d6c00000, 0x00000000e0700000, 0x0000000100000000)
  eden space 111104K, 0% used [0x00000000d6c00000,0x00000000d6c00000,0x00000000dd880000)
  from space 12288K, 99% used [0x00000000dd880000,0x00000000de47b4d0,0x00000000de480000)
  to   space 13312K, 0% used [0x00000000dfa00000,0x00000000dfa00000,0x00000000e0700000)
 ParOldGen       total 118784K, used 24812K [0x0000000084400000, 0x000000008b800000, 0x00000000d6c00000)
  object space 118784K, 20% used [0x0000000084400000,0x0000000085c3b348,0x000000008b800000)
 Metaspace       used 49495K, capacity 50720K, committed 51200K, reserved 1093632K
  class space    used 5922K, capacity 6273K, committed 6400K, reserved 1048576K
}
Event: 12.340 GC heap before
{Heap before GC invocations=12 (full 2):
 PSYoungGen      total 123392K, used 123373K [0x00000000d6c00000, 0x00000000e0700000, 0x0000000100000000)
  eden space 111104K, 100% used [0x00000000d6c00000,0x00000000dd880000,0x00000000dd880000)
  from space 12288K, 99% used [0x00000000dd880000,0x00000000de47b4d0,0x00000000de480000)
  to   space 13312K, 0% used [0x00000000dfa00000,0x00000000dfa00000,0x00000000e0700000)
 ParOldGen       total 118784K, used 24812K [0x0000000084400000, 0x000000008b800000, 0x00000000d6c00000)
  object space 118784K, 20% used [0x0000000084400000,0x0000000085c3b348,0x000000008b800000)
 Metaspace       used 54238K, capacity 55518K, committed 55936K, reserved 1097728K
  class space    used 6370K, capacity 6742K, committed 6784K, reserved 1048576K
Event: 12.374 GC heap after
Heap after GC invocations=12 (full 2):
 PSYoungGen      total 142848K, used 13299K [0x00000000d6c00000, 0x00000000e1000000, 0x0000000100000000)
  eden space 129536K, 0% used [0x00000000d6c00000,0x00000000d6c00000,0x00000000dea80000)
  from space 13312K, 99% used [0x00000000dfa00000,0x00000000e06fcf38,0x00000000e0700000)
  to   space 15872K, 0% used [0x00000000dea80000,0x00000000dea80000,0x00000000dfa00000)
 ParOldGen       total 118784K, used 29073K [0x0000000084400000, 0x000000008b800000, 0x00000000d6c00000)
  object space 118784K, 24% used [0x0000000084400000,0x00000000860646b8,0x000000008b800000)
 Metaspace       used 54238K, capacity 55518K, committed 55936K, reserved 1097728K
  class space    used 6370K, capacity 6742K, committed 6784K, reserved 1048576K
}
Event: 13.618 GC heap before
{Heap before GC invocations=13 (full 2):
 PSYoungGen      total 142848K, used 87248K [0x00000000d6c00000, 0x00000000e1000000, 0x0000000100000000)
  eden space 129536K, 57% used [0x00000000d6c00000,0x00000000db437358,0x00000000dea80000)
  from space 13312K, 99% used [0x00000000dfa00000,0x00000000e06fcf38,0x00000000e0700000)
  to   space 15872K, 0% used [0x00000000dea80000,0x00000000dea80000,0x00000000dfa00000)
 ParOldGen       total 118784K, used 29073K [0x0000000084400000, 0x000000008b800000, 0x00000000d6c00000)
  object space 118784K, 24% used [0x0000000084400000,0x00000000860646b8,0x000000008b800000)
 Metaspace       used 57612K, capacity 58896K, committed 59096K, reserved 1101824K
  class space    used 6788K, capacity 7161K, committed 7168K, reserved 1048576K
Event: 13.661 GC heap after
Heap after GC invocations=13 (full 2):
 PSYoungGen      total 145408K, used 15867K [0x00000000d6c00000, 0x00000000e3100000, 0x0000000100000000)
  eden space 129536K, 0% used [0x00000000d6c00000,0x00000000d6c00000,0x00000000dea80000)
  from space 15872K, 99% used [0x00000000dea80000,0x00000000df9fee60,0x00000000dfa00000)
  to   space 18432K, 0% used [0x00000000e1f00000,0x00000000e1f00000,0x00000000e3100000)
 ParOldGen       total 118784K, used 30999K [0x0000000084400000, 0x000000008b800000, 0x00000000d6c00000)
  object space 118784K, 26% used [0x0000000084400000,0x0000000086245f90,0x000000008b800000)
 Metaspace       used 57612K, capacity 58896K, committed 59096K, reserved 1101824K
  class space    used 6788K, capacity 7161K, committed 7168K, reserved 1048576K
}
Event: 13.661 GC heap before
{Heap before GC invocations=14 (full 3):
 PSYoungGen      total 145408K, used 15867K [0x00000000d6c00000, 0x00000000e3100000, 0x0000000100000000)
  eden space 129536K, 0% used [0x00000000d6c00000,0x00000000d6c00000,0x00000000dea80000)
  from space 15872K, 99% used [0x00000000dea80000,0x00000000df9fee60,0x00000000dfa00000)
  to   space 18432K, 0% used [0x00000000e1f00000,0x00000000e1f00000,0x00000000e3100000)
 ParOldGen       total 118784K, used 30999K [0x0000000084400000, 0x000000008b800000, 0x00000000d6c00000)
  object space 118784K, 26% used [0x0000000084400000,0x0000000086245f90,0x000000008b800000)
 Metaspace       used 57612K, capacity 58896K, committed 59096K, reserved 1101824K
  class space    used 6788K, capacity 7161K, committed 7168K, reserved 1048576K
Event: 13.936 GC heap after
Heap after GC invocations=14 (full 3):
 PSYoungGen      total 145408K, used 0K [0x00000000d6c00000, 0x00000000e3100000, 0x0000000100000000)
  eden space 129536K, 0% used [0x00000000d6c00000,0x00000000d6c00000,0x00000000dea80000)
  from space 15872K, 0% used [0x00000000dea80000,0x00000000dea80000,0x00000000dfa00000)
  to   space 18432K, 0% used [0x00000000e1f00000,0x00000000e1f00000,0x00000000e3100000)
 ParOldGen       total 164864K, used 37689K [0x0000000084400000, 0x000000008e500000, 0x00000000d6c00000)
  object space 164864K, 22% used [0x0000000084400000,0x00000000868ce640,0x000000008e500000)
 Metaspace       used 57612K, capacity 58896K, committed 59096K, reserved 1101824K
  class space    used 6788K, capacity 7161K, committed 7168K, reserved 1048576K
}
Event: 15.413 GC heap before
{Heap before GC invocations=15 (full 3):
 PSYoungGen      total 145408K, used 129536K [0x00000000d6c00000, 0x00000000e3100000, 0x0000000100000000)
  eden space 129536K, 100% used [0x00000000d6c00000,0x00000000dea80000,0x00000000dea80000)
  from space 15872K, 0% used [0x00000000dea80000,0x00000000dea80000,0x00000000dfa00000)
  to   space 18432K, 0% used [0x00000000e1f00000,0x00000000e1f00000,0x00000000e3100000)
 ParOldGen       total 164864K, used 37689K [0x0000000084400000, 0x000000008e500000, 0x00000000d6c00000)
  object space 164864K, 22% used [0x0000000084400000,0x00000000868ce640,0x000000008e500000)
 Metaspace       used 61829K, capacity 63210K, committed 63448K, reserved 1105920K
  class space    used 7264K, capacity 7672K, committed 7680K, reserved 1048576K
Event: 15.430 GC heap after
Heap after GC invocations=15 (full 3):
 PSYoungGen      total 171008K, used 7391K [0x00000000d6c00000, 0x00000000e2b00000, 0x0000000100000000)
  eden space 158720K, 0% used [0x00000000d6c00000,0x00000000d6c00000,0x00000000e0700000)
  from space 12288K, 60% used [0x00000000e1f00000,0x00000000e2637c18,0x00000000e2b00000)
  to   space 18432K, 0% used [0x00000000e0700000,0x00000000e0700000,0x00000000e1900000)
 ParOldGen       total 164864K, used 37697K [0x0000000084400000, 0x000000008e500000, 0x00000000d6c00000)
  object space 164864K, 22% used [0x0000000084400000,0x00000000868d0640,0x000000008e500000)
 Metaspace       used 61829K, capacity 63210K, committed 63448K, reserved 1105920K
  class space    used 7264K, capacity 7672K, committed 7680K, reserved 1048576K
}

