# JRE version: Java(TM) SE Runtime Environment (8.0_20-b26) (build 1.8.0_20-b26)
# Java VM: Java HotSpot(TM) 64-Bit Server VM (25.20-b23 mixed mode windows-amd64 compressed oops)
Heap:
 PSYoungGen      total 357888K, used 254467K [0x00000000d6c00000, 0x00000000edc80000, 0x0000000100000000)
  eden space 346624K, 72% used [0x00000000d6c00000,0x00000000e62e3af0,0x00000000ebe80000)
  from space 11264K, 14% used [0x00000000ec980000,0x00000000ecb1d460,0x00000000ed480000)
  to   space 11264K, 0% used [0x00000000ebe80000,0x00000000ebe80000,0x00000000ec980000)
 ParOldGen       total 134656K, used 44125K [0x0000000084400000, 0x000000008c780000, 0x00000000d6c00000)
  object space 134656K, 32% used [0x0000000084400000,0x0000000086f17600,0x000000008c780000)
 Metaspace       used 74013K, capacity 75456K, committed 76032K, reserved 1116160K
  class space    used 8233K, capacity 8636K, committed 8704K, reserved 1048576K
GC Heap History (10 events):
Event: 25.249 GC heap before
{Heap before GC invocations=23 (full 2):
 PSYoungGen      total 247296K, used 44638K [0x00000000d6c00000, 0x00000000e6980000, 0x0000000100000000)
  eden space 237568K, 15% used [0x00000000d6c00000,0x00000000d90479b8,0x00000000e5400000)
  from space 9728K, 76% used [0x00000000e5d80000,0x00000000e64cfe98,0x00000000e6700000)
  to   space 9728K, 0% used [0x00000000e5400000,0x00000000e5400000,0x00000000e5d80000)
 ParOldGen       total 98304K, used 33574K [0x0000000084400000, 0x000000008a400000, 0x00000000d6c00000)
  object space 98304K, 34% used [0x0000000084400000,0x00000000864c9888,0x000000008a400000)
 Metaspace       used 57524K, capacity 58768K, committed 59136K, reserved 1101824K
  class space    used 6763K, capacity 7161K, committed 7168K, reserved 1048576K
Event: 25.257 GC heap after
Heap after GC invocations=23 (full 2):
 PSYoungGen      total 247296K, used 945K [0x00000000d6c00000, 0x00000000ea200000, 0x0000000100000000)
  eden space 237568K, 0% used [0x00000000d6c00000,0x00000000d6c00000,0x00000000e5400000)
  from space 9728K, 9% used [0x00000000e5400000,0x00000000e54ec5b0,0x00000000e5d80000)
  to   space 10240K, 0% used [0x00000000e9800000,0x00000000e9800000,0x00000000ea200000)
 ParOldGen       total 98304K, used 37952K [0x0000000084400000, 0x000000008a400000, 0x00000000d6c00000)
  object space 98304K, 38% used [0x0000000084400000,0x0000000086910088,0x000000008a400000)
 Metaspace       used 57524K, capacity 58768K, committed 59136K, reserved 1101824K
  class space    used 6763K, capacity 7161K, committed 7168K, reserved 1048576K
}
Event: 25.257 GC heap before
{Heap before GC invocations=24 (full 3):
 PSYoungGen      total 247296K, used 945K [0x00000000d6c00000, 0x00000000ea200000, 0x0000000100000000)
  eden space 237568K, 0% used [0x00000000d6c00000,0x00000000d6c00000,0x00000000e5400000)
  from space 9728K, 9% used [0x00000000e5400000,0x00000000e54ec5b0,0x00000000e5d80000)
  to   space 10240K, 0% used [0x00000000e9800000,0x00000000e9800000,0x00000000ea200000)
 ParOldGen       total 98304K, used 37952K [0x0000000084400000, 0x000000008a400000, 0x00000000d6c00000)
  object space 98304K, 38% used [0x0000000084400000,0x0000000086910088,0x000000008a400000)
 Metaspace       used 57524K, capacity 58768K, committed 59136K, reserved 1101824K
  class space    used 6763K, capacity 7161K, committed 7168K, reserved 1048576K
Event: 25.484 GC heap after
Heap after GC invocations=24 (full 3):
 PSYoungGen      total 247296K, used 0K [0x00000000d6c00000, 0x00000000ea200000, 0x0000000100000000)
  eden space 237568K, 0% used [0x00000000d6c00000,0x00000000d6c00000,0x00000000e5400000)
  from space 9728K, 0% used [0x00000000e5400000,0x00000000e5400000,0x00000000e5d80000)
  to   space 10240K, 0% used [0x00000000e9800000,0x00000000e9800000,0x00000000ea200000)
 ParOldGen       total 134656K, used 36011K [0x0000000084400000, 0x000000008c780000, 0x00000000d6c00000)
  object space 134656K, 26% used [0x0000000084400000,0x000000008672af38,0x000000008c780000)
 Metaspace       used 57524K, capacity 58768K, committed 59136K, reserved 1101824K
  class space    used 6763K, capacity 7161K, committed 7168K, reserved 1048576K
}
Event: 27.315 GC heap before
{Heap before GC invocations=25 (full 3):
 PSYoungGen      total 247296K, used 237568K [0x00000000d6c00000, 0x00000000ea200000, 0x0000000100000000)
  eden space 237568K, 100% used [0x00000000d6c00000,0x00000000e5400000,0x00000000e5400000)
  from space 9728K, 0% used [0x00000000e5400000,0x00000000e5400000,0x00000000e5d80000)
  to   space 10240K, 0% used [0x00000000e9800000,0x00000000e9800000,0x00000000ea200000)
 ParOldGen       total 134656K, used 36011K [0x0000000084400000, 0x000000008c780000, 0x00000000d6c00000)
  object space 134656K, 26% used [0x0000000084400000,0x000000008672af38,0x000000008c780000)
 Metaspace       used 62290K, capacity 63562K, committed 64128K, reserved 1105920K
  class space    used 7306K, capacity 7720K, committed 7808K, reserved 1048576K
Event: 27.345 GC heap after
Heap after GC invocations=25 (full 3):
 PSYoungGen      total 297984K, used 8095K [0x00000000d6c00000, 0x00000000ea000000, 0x0000000100000000)
  eden space 289792K, 0% used [0x00000000d6c00000,0x00000000d6c00000,0x00000000e8700000)
  from space 8192K, 98% used [0x00000000e9800000,0x00000000e9fe7e08,0x00000000ea000000)
  to   space 10752K, 0% used [0x00000000e8b00000,0x00000000e8b00000,0x00000000e9580000)
 ParOldGen       total 134656K, used 36019K [0x0000000084400000, 0x000000008c780000, 0x00000000d6c00000)
  object space 134656K, 26% used [0x0000000084400000,0x000000008672cf38,0x000000008c780000)
 Metaspace       used 62290K, capacity 63562K, committed 64128K, reserved 1105920K
  class space    used 7306K, capacity 7720K, committed 7808K, reserved 1048576K
}
Event: 32.063 GC heap before
{Heap before GC invocations=26 (full 3):
 PSYoungGen      total 297984K, used 297887K [0x00000000d6c00000, 0x00000000ea000000, 0x0000000100000000)
  eden space 289792K, 100% used [0x00000000d6c00000,0x00000000e8700000,0x00000000e8700000)
  from space 8192K, 98% used [0x00000000e9800000,0x00000000e9fe7e08,0x00000000ea000000)
  to   space 10752K, 0% used [0x00000000e8b00000,0x00000000e8b00000,0x00000000e9580000)
 ParOldGen       total 134656K, used 36019K [0x0000000084400000, 0x000000008c780000, 0x00000000d6c00000)
  object space 134656K, 26% used [0x0000000084400000,0x000000008672cf38,0x000000008c780000)
 Metaspace       used 67411K, capacity 68716K, committed 69376K, reserved 1110016K
  class space    used 7763K, capacity 8175K, committed 8192K, reserved 1048576K
Event: 32.079 GC heap after
Heap after GC invocations=26 (full 3):
 PSYoungGen      total 304640K, used 7689K [0x00000000d6c00000, 0x00000000ed480000, 0x0000000100000000)
  eden space 293888K, 0% used [0x00000000d6c00000,0x00000000d6c00000,0x00000000e8b00000)
  from space 10752K, 71% used [0x00000000e8b00000,0x00000000e9282680,0x00000000e9580000)
  to   space 11264K, 0% used [0x00000000ec980000,0x00000000ec980000,0x00000000ed480000)
 ParOldGen       total 134656K, used 40428K [0x0000000084400000, 0x000000008c780000, 0x00000000d6c00000)
  object space 134656K, 30% used [0x0000000084400000,0x0000000086b7b180,0x000000008c780000)
 Metaspace       used 67411K, capacity 68716K, committed 69376K, reserved 1110016K
  class space    used 7763K, capacity 8175K, committed 8192K, reserved 1048576K
}
Event: 32.550 GC heap before
{Heap before GC invocations=27 (full 3):
 PSYoungGen      total 304640K, used 301577K [0x00000000d6c00000, 0x00000000ed480000, 0x0000000100000000)
  eden space 293888K, 100% used [0x00000000d6c00000,0x00000000e8b00000,0x00000000e8b00000)
  from space 10752K, 71% used [0x00000000e8b00000,0x00000000e9282680,0x00000000e9580000)
  to   space 11264K, 0% used [0x00000000ec980000,0x00000000ec980000,0x00000000ed480000)
 ParOldGen       total 134656K, used 40428K [0x0000000084400000, 0x000000008c780000, 0x00000000d6c00000)
  object space 134656K, 30% used [0x0000000084400000,0x0000000086b7b180,0x000000008c780000)
 Metaspace       used 69244K, capacity 70636K, committed 71296K, reserved 1112064K
  class space    used 7885K, capacity 8303K, committed 8320K, reserved 1048576K
Event: 32.562 GC heap after
Heap after GC invocations=27 (full 3):
 PSYoungGen      total 357888K, used 1653K [0x00000000d6c00000, 0x00000000edc80000, 0x0000000100000000)
  eden space 346624K, 0% used [0x00000000d6c00000,0x00000000d6c00000,0x00000000ebe80000)
  from space 11264K, 14% used [0x00000000ec980000,0x00000000ecb1d460,0x00000000ed480000)
  to   space 11264K, 0% used [0x00000000ebe80000,0x00000000ebe80000,0x00000000ec980000)
 ParOldGen       total 134656K, used 44125K [0x0000000084400000, 0x000000008c780000, 0x00000000d6c00000)
  object space 134656K, 32% used [0x0000000084400000,0x0000000086f17600,0x000000008c780000)
 Metaspace       used 69244K, capacity 70636K, committed 71296K, reserved 1112064K
  class space    used 7885K, capacity 8303K, committed 8320K, reserved 1048576K
}

