# JRE version: Java(TM) SE Runtime Environment (8.0_20-b26) (build 1.8.0_20-b26)
# Java VM: Java HotSpot(TM) 64-Bit Server VM (25.20-b23 mixed mode windows-amd64 compressed oops)
Heap:
 PSYoungGen      total 240640K, used 227876K [0x00000000d6c00000, 0x00000000e7080000, 0x0000000100000000)
  eden space 230912K, 94% used [0x00000000d6c00000,0x00000000e4182818,0x00000000e4d80000)
  from space 9728K, 95% used [0x00000000e6700000,0x00000000e7006ae0,0x00000000e7080000)
  to   space 16896K, 0% used [0x00000000e4f80000,0x00000000e4f80000,0x00000000e6000000)
 ParOldGen       total 119296K, used 36040K [0x0000000084400000, 0x000000008b880000, 0x00000000d6c00000)
  object space 119296K, 30% used [0x0000000084400000,0x00000000867323e8,0x000000008b880000)
 Metaspace       used 80829K, capacity 82328K, committed 82756K, reserved 1122304K
  class space    used 8894K, capacity 9283K, committed 9344K, reserved 1048576K
GC Heap History (10 events):
Event: 11.005 GC heap before
{Heap before GC invocations=15 (full 2):
 PSYoungGen      total 141312K, used 141134K [0x00000000d6c00000, 0x00000000e0400000, 0x0000000100000000)
  eden space 130560K, 100% used [0x00000000d6c00000,0x00000000deb80000,0x00000000deb80000)
  from space 10752K, 98% used [0x00000000df980000,0x00000000e03d3ac0,0x00000000e0400000)
  to   space 12288K, 0% used [0x00000000dec00000,0x00000000dec00000,0x00000000df800000)
 ParOldGen       total 90112K, used 21635K [0x0000000084400000, 0x0000000089c00000, 0x00000000d6c00000)
  object space 90112K, 24% used [0x0000000084400000,0x0000000085920fd8,0x0000000089c00000)
 Metaspace       used 51185K, capacity 52382K, committed 52608K, reserved 1095680K
  class space    used 6102K, capacity 6438K, committed 6528K, reserved 1048576K
Event: 11.018 GC heap after
Heap after GC invocations=15 (full 2):
 PSYoungGen      total 143360K, used 12267K [0x00000000d6c00000, 0x00000000e3280000, 0x0000000100000000)
  eden space 131072K, 0% used [0x00000000d6c00000,0x00000000d6c00000,0x00000000dec00000)
  from space 12288K, 99% used [0x00000000dec00000,0x00000000df7fac38,0x00000000df800000)
  to   space 14336K, 0% used [0x00000000e2480000,0x00000000e2480000,0x00000000e3280000)
 ParOldGen       total 90112K, used 23459K [0x0000000084400000, 0x0000000089c00000, 0x00000000d6c00000)
  object space 90112K, 26% used [0x0000000084400000,0x0000000085ae8ee0,0x0000000089c00000)
 Metaspace       used 51185K, capacity 52382K, committed 52608K, reserved 1095680K
  class space    used 6102K, capacity 6438K, committed 6528K, reserved 1048576K
}
Event: 13.201 GC heap before
{Heap before GC invocations=16 (full 2):
 PSYoungGen      total 143360K, used 143339K [0x00000000d6c00000, 0x00000000e3280000, 0x0000000100000000)
  eden space 131072K, 100% used [0x00000000d6c00000,0x00000000dec00000,0x00000000dec00000)
  from space 12288K, 99% used [0x00000000dec00000,0x00000000df7fac38,0x00000000df800000)
  to   space 14336K, 0% used [0x00000000e2480000,0x00000000e2480000,0x00000000e3280000)
 ParOldGen       total 90112K, used 23459K [0x0000000084400000, 0x0000000089c00000, 0x00000000d6c00000)
  object space 90112K, 26% used [0x0000000084400000,0x0000000085ae8ee0,0x0000000089c00000)
 Metaspace       used 56769K, capacity 58032K, committed 58368K, reserved 1099776K
  class space    used 6684K, capacity 7065K, committed 7168K, reserved 1048576K
Event: 13.223 GC heap after
Heap after GC invocations=16 (full 2):
 PSYoungGen      total 185344K, used 14314K [0x00000000d6c00000, 0x00000000e3700000, 0x0000000100000000)
  eden space 171008K, 0% used [0x00000000d6c00000,0x00000000d6c00000,0x00000000e1300000)
  from space 14336K, 99% used [0x00000000e2480000,0x00000000e327aa88,0x00000000e3280000)
  to   space 17920K, 0% used [0x00000000e1300000,0x00000000e1300000,0x00000000e2480000)
 ParOldGen       total 90112K, used 29420K [0x0000000084400000, 0x0000000089c00000, 0x00000000d6c00000)
  object space 90112K, 32% used [0x0000000084400000,0x00000000860bb248,0x0000000089c00000)
 Metaspace       used 56769K, capacity 58032K, committed 58368K, reserved 1099776K
  class space    used 6684K, capacity 7065K, committed 7168K, reserved 1048576K
}
Event: 13.370 GC heap before
{Heap before GC invocations=17 (full 2):
 PSYoungGen      total 185344K, used 30206K [0x00000000d6c00000, 0x00000000e3700000, 0x0000000100000000)
  eden space 171008K, 9% used [0x00000000d6c00000,0x00000000d7b84d78,0x00000000e1300000)
  from space 14336K, 99% used [0x00000000e2480000,0x00000000e327aa88,0x00000000e3280000)
  to   space 17920K, 0% used [0x00000000e1300000,0x00000000e1300000,0x00000000e2480000)
 ParOldGen       total 90112K, used 29420K [0x0000000084400000, 0x0000000089c00000, 0x00000000d6c00000)
  object space 90112K, 32% used [0x0000000084400000,0x00000000860bb248,0x0000000089c00000)
 Metaspace       used 58336K, capacity 59600K, committed 59716K, reserved 1101824K
  class space    used 6899K, capacity 7289K, committed 7296K, reserved 1048576K
Event: 13.386 GC heap after
Heap after GC invocations=17 (full 2):
 PSYoungGen      total 188928K, used 10032K [0x00000000d6c00000, 0x00000000e7800000, 0x0000000100000000)
  eden space 171008K, 0% used [0x00000000d6c00000,0x00000000d6c00000,0x00000000e1300000)
  from space 17920K, 55% used [0x00000000e1300000,0x00000000e1ccc2a0,0x00000000e2480000)
  to   space 17408K, 0% used [0x00000000e6700000,0x00000000e6700000,0x00000000e7800000)
 ParOldGen       total 90112K, used 34337K [0x0000000084400000, 0x0000000089c00000, 0x00000000d6c00000)
  object space 90112K, 38% used [0x0000000084400000,0x0000000086588640,0x0000000089c00000)
 Metaspace       used 58336K, capacity 59600K, committed 59716K, reserved 1101824K
  class space    used 6899K, capacity 7289K, committed 7296K, reserved 1048576K
}
Event: 13.386 GC heap before
{Heap before GC invocations=18 (full 3):
 PSYoungGen      total 188928K, used 10032K [0x00000000d6c00000, 0x00000000e7800000, 0x0000000100000000)
  eden space 171008K, 0% used [0x00000000d6c00000,0x00000000d6c00000,0x00000000e1300000)
  from space 17920K, 55% used [0x00000000e1300000,0x00000000e1ccc2a0,0x00000000e2480000)
  to   space 17408K, 0% used [0x00000000e6700000,0x00000000e6700000,0x00000000e7800000)
 ParOldGen       total 90112K, used 34337K [0x0000000084400000, 0x0000000089c00000, 0x00000000d6c00000)
  object space 90112K, 38% used [0x0000000084400000,0x0000000086588640,0x0000000089c00000)
 Metaspace       used 58336K, capacity 59600K, committed 59716K, reserved 1101824K
  class space    used 6899K, capacity 7289K, committed 7296K, reserved 1048576K
Event: 13.598 GC heap after
Heap after GC invocations=18 (full 3):
 PSYoungGen      total 188928K, used 0K [0x00000000d6c00000, 0x00000000e7800000, 0x0000000100000000)
  eden space 171008K, 0% used [0x00000000d6c00000,0x00000000d6c00000,0x00000000e1300000)
  from space 17920K, 0% used [0x00000000e1300000,0x00000000e1300000,0x00000000e2480000)
  to   space 17408K, 0% used [0x00000000e6700000,0x00000000e6700000,0x00000000e7800000)
 ParOldGen       total 119296K, used 36032K [0x0000000084400000, 0x000000008b880000, 0x00000000d6c00000)
  object space 119296K, 30% used [0x0000000084400000,0x00000000867303e8,0x000000008b880000)
 Metaspace       used 58336K, capacity 59600K, committed 59716K, reserved 1101824K
  class space    used 6899K, capacity 7289K, committed 7296K, reserved 1048576K
}
Event: 15.492 GC heap before
{Heap before GC invocations=19 (full 3):
 PSYoungGen      total 188928K, used 171008K [0x00000000d6c00000, 0x00000000e7800000, 0x0000000100000000)
  eden space 171008K, 100% used [0x00000000d6c00000,0x00000000e1300000,0x00000000e1300000)
  from space 17920K, 0% used [0x00000000e1300000,0x00000000e1300000,0x00000000e2480000)
  to   space 17408K, 0% used [0x00000000e6700000,0x00000000e6700000,0x00000000e7800000)
 ParOldGen       total 119296K, used 36032K [0x0000000084400000, 0x000000008b880000, 0x00000000d6c00000)
  object space 119296K, 30% used [0x0000000084400000,0x00000000867303e8,0x000000008b880000)
 Metaspace       used 62957K, capacity 64302K, committed 64708K, reserved 1105920K
  class space    used 7399K, capacity 7818K, committed 7936K, reserved 1048576K
Event: 15.507 GC heap after
Heap after GC invocations=19 (full 3):
 PSYoungGen      total 240640K, used 9242K [0x00000000d6c00000, 0x00000000e7080000, 0x0000000100000000)
  eden space 230912K, 0% used [0x00000000d6c00000,0x00000000d6c00000,0x00000000e4d80000)
  from space 9728K, 95% used [0x00000000e6700000,0x00000000e7006ae0,0x00000000e7080000)
  to   space 16896K, 0% used [0x00000000e4f80000,0x00000000e4f80000,0x00000000e6000000)
 ParOldGen       total 119296K, used 36040K [0x0000000084400000, 0x000000008b880000, 0x00000000d6c00000)
  object space 119296K, 30% used [0x0000000084400000,0x00000000867323e8,0x000000008b880000)
 Metaspace       used 62957K, capacity 64302K, committed 64708K, reserved 1105920K
  class space    used 7399K, capacity 7818K, committed 7936K, reserved 1048576K
}

